<?xml version="1.0" encoding="UTF-8"?>
<testng-results ignored="1" total="2" passed="1" failed="0" skipped="0">
  <reporter-output>
  </reporter-output>
  <suite started-at="2023-04-17T17:18:31 IST" name="Default suite" finished-at="2023-04-17T17:18:36 IST" duration-ms="4262">
    <groups>
    </groups>
    <test started-at="2023-04-17T17:18:31 IST" name="Default test" finished-at="2023-04-17T17:18:36 IST" duration-ms="4262">
      <class name="TestCases.loginTest">
        <test-method is-config="true" signature="start()[pri:0, instance:TestCases.loginTest@5223e5ee]" started-at="2023-04-17T17:18:31 IST" name="start" finished-at="2023-04-17T17:18:35 IST" duration-ms="3492" status="PASS">
          <reporter-output>
          </reporter-output>
        </test-method> <!-- start -->
        <test-method signature="loginValid()[pri:0, instance:TestCases.loginTest@5223e5ee]" started-at="2023-04-17T17:18:35 IST" name="loginValid" finished-at="2023-04-17T17:18:36 IST" duration-ms="589" status="PASS">
          <reporter-output>
          </reporter-output>
        </test-method> <!-- loginValid -->
        <test-method is-config="true" signature="end()[pri:0, instance:TestCases.loginTest@5223e5ee]" started-at="2023-04-17T17:18:36 IST" name="end" finished-at="2023-04-17T17:18:36 IST" duration-ms="128" status="PASS">
          <reporter-output>
          </reporter-output>
        </test-method> <!-- end -->
      </class> <!-- TestCases.loginTest -->
    </test> <!-- Default test -->
  </suite> <!-- Default suite -->
</testng-results>
